# JRE version: OpenJDK Runtime Environment (22.0.1+8) (build 22.0.1+8-16)
# Java VM: OpenJDK 64-Bit Server VM (22.0.1+8-16, mixed mode, sharing, tiered, compressed oops, compressed class ptrs, g1 gc, windows-amd64)
GC Precious Log:
 CardTable entry size: 512
 Card Set container configuration: InlinePtr #cards 5 size 8 Array Of Cards #cards 12 size 40 Howl #buckets 4 coarsen threshold 1843 Howl Bitmap #cards 512 size 80 coarsen threshold 460 Card regions per heap region 1 cards per card region 2048
 CPUs: 4 total, 4 available
 Memory: 3285M
 Large Page Support: Disabled
 NUMA Support: Disabled
 Compressed Oops: Enabled (32-bit)
 Heap Region Size: 1M
 Heap Min Capacity: 8M
 Heap Initial Capacity: 52M
 Heap Max Capacity: 822M
 Pre-touch: Disabled
 Parallel Workers: 4
 Concurrent Workers: 1
 Concurrent Refinement Workers: 4
 Periodic GC: Disabled
Heap:
 garbage-first heap   total reserved 841728K, committed 111616K, used 74713K [0x00000000cca00000, 0x0000000100000000)
  region size 1024K, 31 young (31744K), 2 survivors (2048K)
 Metaspace       used 88433K, committed 89344K, reserved 1179648K
  class space    used 11811K, committed 12352K, reserved 1048576K
GC Heap History (20 events):
Event: 3674.153 GC heap before
{Heap before GC invocations=42 (full 0):
 garbage-first heap   total reserved 841728K, committed 111616K, used 101548K [0x00000000cca00000, 0x0000000100000000)
  region size 1024K, 56 young (57344K), 3 survivors (3072K)
 Metaspace       used 87436K, committed 88576K, reserved 1179648K
  class space    used 11793K, committed 12352K, reserved 1048576K
}
Event: 3674.284 GC heap after
{Heap after GC invocations=43 (full 0):
 garbage-first heap   total reserved 841728K, committed 111616K, used 47718K [0x00000000cca00000, 0x0000000100000000)
  region size 1024K, 4 young (4096K), 4 survivors (4096K)
 Metaspace       used 87436K, committed 88576K, reserved 1179648K
  class space    used 11793K, committed 12352K, reserved 1048576K
}
Event: 4044.842 GC heap before
{Heap before GC invocations=43 (full 0):
 garbage-first heap   total reserved 841728K, committed 111616K, used 99942K [0x00000000cca00000, 0x0000000100000000)
  region size 1024K, 55 young (56320K), 4 survivors (4096K)
 Metaspace       used 87441K, committed 88576K, reserved 1179648K
  class space    used 11793K, committed 12352K, reserved 1048576K
}
Event: 4044.986 GC heap after
{Heap after GC invocations=44 (full 0):
 garbage-first heap   total reserved 841728K, committed 111616K, used 46747K [0x00000000cca00000, 0x0000000100000000)
  region size 1024K, 3 young (3072K), 3 survivors (3072K)
 Metaspace       used 87441K, committed 88576K, reserved 1179648K
  class space    used 11793K, committed 12352K, reserved 1048576K
}
Event: 4438.087 GC heap before
{Heap before GC invocations=44 (full 0):
 garbage-first heap   total reserved 841728K, committed 111616K, used 102043K [0x00000000cca00000, 0x0000000100000000)
  region size 1024K, 57 young (58368K), 3 survivors (3072K)
 Metaspace       used 87441K, committed 88576K, reserved 1179648K
  class space    used 11793K, committed 12352K, reserved 1048576K
}
Event: 4438.209 GC heap after
{Heap after GC invocations=45 (full 0):
 garbage-first heap   total reserved 841728K, committed 111616K, used 46655K [0x00000000cca00000, 0x0000000100000000)
  region size 1024K, 3 young (3072K), 3 survivors (3072K)
 Metaspace       used 87441K, committed 88576K, reserved 1179648K
  class space    used 11793K, committed 12352K, reserved 1048576K
}
Event: 4835.373 GC heap before
{Heap before GC invocations=45 (full 0):
 garbage-first heap   total reserved 841728K, committed 111616K, used 101951K [0x00000000cca00000, 0x0000000100000000)
  region size 1024K, 57 young (58368K), 3 survivors (3072K)
 Metaspace       used 87442K, committed 88576K, reserved 1179648K
  class space    used 11793K, committed 12352K, reserved 1048576K
}
Event: 4835.487 GC heap after
{Heap after GC invocations=46 (full 0):
 garbage-first heap   total reserved 841728K, committed 111616K, used 46676K [0x00000000cca00000, 0x0000000100000000)
  region size 1024K, 3 young (3072K), 3 survivors (3072K)
 Metaspace       used 87442K, committed 88576K, reserved 1179648K
  class space    used 11793K, committed 12352K, reserved 1048576K
}
Event: 5232.892 GC heap before
{Heap before GC invocations=47 (full 0):
 garbage-first heap   total reserved 841728K, committed 111616K, used 101972K [0x00000000cca00000, 0x0000000100000000)
  region size 1024K, 57 young (58368K), 3 survivors (3072K)
 Metaspace       used 87446K, committed 88576K, reserved 1179648K
  class space    used 11793K, committed 12352K, reserved 1048576K
}
Event: 5232.989 GC heap after
{Heap after GC invocations=48 (full 0):
 garbage-first heap   total reserved 841728K, committed 111616K, used 46636K [0x00000000cca00000, 0x0000000100000000)
  region size 1024K, 3 young (3072K), 3 survivors (3072K)
 Metaspace       used 87446K, committed 88576K, reserved 1179648K
  class space    used 11793K, committed 12352K, reserved 1048576K
}
Event: 5594.720 GC heap before
{Heap before GC invocations=48 (full 0):
 garbage-first heap   total reserved 841728K, committed 111616K, used 101932K [0x00000000cca00000, 0x0000000100000000)
  region size 1024K, 57 young (58368K), 3 survivors (3072K)
 Metaspace       used 87483K, committed 88640K, reserved 1179648K
  class space    used 11793K, committed 12352K, reserved 1048576K
}
Event: 5594.872 GC heap after
{Heap after GC invocations=49 (full 0):
 garbage-first heap   total reserved 841728K, committed 111616K, used 46581K [0x00000000cca00000, 0x0000000100000000)
  region size 1024K, 2 young (2048K), 2 survivors (2048K)
 Metaspace       used 87483K, committed 88640K, reserved 1179648K
  class space    used 11793K, committed 12352K, reserved 1048576K
}
Event: 5896.789 GC heap before
{Heap before GC invocations=49 (full 0):
 garbage-first heap   total reserved 841728K, committed 111616K, used 102901K [0x00000000cca00000, 0x0000000100000000)
  region size 1024K, 57 young (58368K), 2 survivors (2048K)
 Metaspace       used 87734K, committed 88704K, reserved 1179648K
  class space    used 11794K, committed 12352K, reserved 1048576K
}
Event: 5896.957 GC heap after
{Heap after GC invocations=50 (full 0):
 garbage-first heap   total reserved 841728K, committed 111616K, used 46352K [0x00000000cca00000, 0x0000000100000000)
  region size 1024K, 2 young (2048K), 2 survivors (2048K)
 Metaspace       used 87734K, committed 88704K, reserved 1179648K
  class space    used 11794K, committed 12352K, reserved 1048576K
}
Event: 6235.581 GC heap before
{Heap before GC invocations=50 (full 0):
 garbage-first heap   total reserved 841728K, committed 111616K, used 102672K [0x00000000cca00000, 0x0000000100000000)
  region size 1024K, 57 young (58368K), 2 survivors (2048K)
 Metaspace       used 88042K, committed 89024K, reserved 1179648K
  class space    used 11804K, committed 12352K, reserved 1048576K
}
Event: 6235.707 GC heap after
{Heap after GC invocations=51 (full 0):
 garbage-first heap   total reserved 841728K, committed 111616K, used 46685K [0x00000000cca00000, 0x0000000100000000)
  region size 1024K, 2 young (2048K), 2 survivors (2048K)
 Metaspace       used 88042K, committed 89024K, reserved 1179648K
  class space    used 11804K, committed 12352K, reserved 1048576K
}
Event: 6559.940 GC heap before
{Heap before GC invocations=52 (full 0):
 garbage-first heap   total reserved 841728K, committed 111616K, used 103005K [0x00000000cca00000, 0x0000000100000000)
  region size 1024K, 57 young (58368K), 2 survivors (2048K)
 Metaspace       used 88348K, committed 89280K, reserved 1179648K
  class space    used 11810K, committed 12352K, reserved 1048576K
}
Event: 6560.003 GC heap after
{Heap after GC invocations=53 (full 0):
 garbage-first heap   total reserved 841728K, committed 111616K, used 46471K [0x00000000cca00000, 0x0000000100000000)
  region size 1024K, 2 young (2048K), 2 survivors (2048K)
 Metaspace       used 88348K, committed 89280K, reserved 1179648K
  class space    used 11810K, committed 12352K, reserved 1048576K
}
Event: 6939.237 GC heap before
{Heap before GC invocations=53 (full 0):
 garbage-first heap   total reserved 841728K, committed 111616K, used 101767K [0x00000000cca00000, 0x0000000100000000)
  region size 1024K, 56 young (57344K), 2 survivors (2048K)
 Metaspace       used 88393K, committed 89344K, reserved 1179648K
  class space    used 11811K, committed 12352K, reserved 1048576K
}
Event: 6939.312 GC heap after
{Heap after GC invocations=54 (full 0):
 garbage-first heap   total reserved 841728K, committed 111616K, used 46041K [0x00000000cca00000, 0x0000000100000000)
  region size 1024K, 2 young (2048K), 2 survivors (2048K)
 Metaspace       used 88393K, committed 89344K, reserved 1179648K
  class space    used 11811K, committed 12352K, reserved 1048576K
}

